-------------------------------------------------------------------------------
Test set: com.BackendChallenge.TechTrendEmporium.TechTrendEmporiumApplicationTests
-------------------------------------------------------------------------------
<<<<<<< HEAD
Tests run: 1, Failures: 0, Errors: 0, Skipped: 0, Time elapsed: 33.72 s -- in com.BackendChallenge.TechTrendEmporium.TechTrendEmporiumApplicationTests
=======
<<<<<<< HEAD
Tests run: 1, Failures: 0, Errors: 0, Skipped: 0, Time elapsed: 30.91 s -- in com.BackendChallenge.TechTrendEmporium.TechTrendEmporiumApplicationTests
=======
<<<<<<< HEAD
Tests run: 1, Failures: 0, Errors: 0, Skipped: 0, Time elapsed: 25.98 s -- in com.BackendChallenge.TechTrendEmporium.TechTrendEmporiumApplicationTests
=======
Tests run: 1, Failures: 0, Errors: 0, Skipped: 0, Time elapsed: 23.12 s -- in com.BackendChallenge.TechTrendEmporium.TechTrendEmporiumApplicationTests
>>>>>>> main
>>>>>>> main
>>>>>>> main
